# JRE version: OpenJDK Runtime Environment GraalVM CE 22.3.0 (17.0.5+8) (build 17.0.5+8-jvmci-22.3-b08)
# Java VM: OpenJDK 64-Bit Server VM GraalVM CE 22.3.0 (17.0.5+8-jvmci-22.3-b08, mixed mode, sharing, tiered, jvmci, jvmci compiler, compressed oops, compressed class ptrs, parallel gc, linux-amd64)
GC Precious Log:
 CPUs: 8 total, 1 available
 Memory: 1024M
 Large Page Support: Disabled
 NUMA Support: Disabled
 Compressed Oops: Enabled (32-bit)
 Alignments: Space 512K, Generation 512K, Heap 2M
 Heap Min Capacity: 100M
 Heap Initial Capacity: 100M
 Heap Max Capacity: 512M
 Pre-touch: Disabled
 Parallel Workers: 1
Heap:
 PSYoungGen      total 23552K, used 18432K [0x00000000f5580000, 0x00000000f7300000, 0x0000000100000000)
  eden space 18432K, 100% used [0x00000000f5580000,0x00000000f6780000,0x00000000f6780000)
  from space 5120K, 0% used [0x00000000f6d80000,0x00000000f6d80000,0x00000000f7280000)
  to   space 5120K, 0% used [0x00000000f6780000,0x00000000f6780000,0x00000000f6c80000)
 ParOldGen       total 349696K, used 349695K [0x00000000e0000000, 0x00000000f5580000, 0x00000000f5580000)
  object space 349696K, 99% used [0x00000000e0000000,0x00000000f557fff0,0x00000000f5580000)
 Metaspace       used 56706K, committed 57600K, reserved 1105920K
  class space    used 5552K, committed 5952K, reserved 1048576K
GC Heap History (20 events):
Event: 424.599 GC heap before
{Heap before GC invocations=370 (full 208):
 PSYoungGen      total 23552K, used 18432K [0x00000000f5580000, 0x00000000f7300000, 0x0000000100000000)
  eden space 18432K, 100% used [0x00000000f5580000,0x00000000f6780000,0x00000000f6780000)
  from space 5120K, 0% used [0x00000000f6d80000,0x00000000f6d80000,0x00000000f7280000)
  to   space 5120K, 0% used [0x00000000f6780000,0x00000000f6780000,0x00000000f6c80000)
 ParOldGen       total 349696K, used 349696K [0x00000000e0000000, 0x00000000f5580000, 0x00000000f5580000)
  object space 349696K, 100% used [0x00000000e0000000,0x00000000f5580000,0x00000000f5580000)
 Metaspace       used 56704K, committed 57600K, reserved 1105920K
  class space    used 5552K, committed 5952K, reserved 1048576K
}
Event: 426.020 GC heap after
{Heap after GC invocations=370 (full 208):
 PSYoungGen      total 23552K, used 18432K [0x00000000f5580000, 0x00000000f7300000, 0x0000000100000000)
  eden space 18432K, 100% used [0x00000000f5580000,0x00000000f6780000,0x00000000f6780000)
  from space 5120K, 0% used [0x00000000f6780000,0x00000000f6780000,0x00000000f6c80000)
  to   space 5120K, 0% used [0x00000000f6d80000,0x00000000f6d80000,0x00000000f7280000)
 ParOldGen       total 349696K, used 349695K [0x00000000e0000000, 0x00000000f5580000, 0x00000000f5580000)
  object space 349696K, 99% used [0x00000000e0000000,0x00000000f557fff0,0x00000000f5580000)
 Metaspace       used 56704K, committed 57600K, reserved 1105920K
  class space    used 5552K, committed 5952K, reserved 1048576K
}
Event: 426.026 GC heap before
{Heap before GC invocations=371 (full 209):
 PSYoungGen      total 23552K, used 18432K [0x00000000f5580000, 0x00000000f7300000, 0x0000000100000000)
  eden space 18432K, 100% used [0x00000000f5580000,0x00000000f6780000,0x00000000f6780000)
  from space 5120K, 0% used [0x00000000f6780000,0x00000000f6780000,0x00000000f6c80000)
  to   space 5120K, 0% used [0x00000000f6d80000,0x00000000f6d80000,0x00000000f7280000)
 ParOldGen       total 349696K, used 349696K [0x00000000e0000000, 0x00000000f5580000, 0x00000000f5580000)
  object space 349696K, 100% used [0x00000000e0000000,0x00000000f5580000,0x00000000f5580000)
 Metaspace       used 56704K, committed 57600K, reserved 1105920K
  class space    used 5552K, committed 5952K, reserved 1048576K
}
Event: 427.578 GC heap after
{Heap after GC invocations=371 (full 209):
 PSYoungGen      total 23552K, used 18432K [0x00000000f5580000, 0x00000000f7300000, 0x0000000100000000)
  eden space 18432K, 100% used [0x00000000f5580000,0x00000000f6780000,0x00000000f6780000)
  from space 5120K, 0% used [0x00000000f6d80000,0x00000000f6d80000,0x00000000f7280000)
  to   space 5120K, 0% used [0x00000000f6780000,0x00000000f6780000,0x00000000f6c80000)
 ParOldGen       total 349696K, used 349695K [0x00000000e0000000, 0x00000000f5580000, 0x00000000f5580000)
  object space 349696K, 99% used [0x00000000e0000000,0x00000000f557fff0,0x00000000f5580000)
 Metaspace       used 56704K, committed 57600K, reserved 1105920K
  class space    used 5552K, committed 5952K, reserved 1048576K
}
Event: 427.579 GC heap before
{Heap before GC invocations=372 (full 210):
 PSYoungGen      total 23552K, used 18432K [0x00000000f5580000, 0x00000000f7300000, 0x0000000100000000)
  eden space 18432K, 100% used [0x00000000f5580000,0x00000000f6780000,0x00000000f6780000)
  from space 5120K, 0% used [0x00000000f6d80000,0x00000000f6d80000,0x00000000f7280000)
  to   space 5120K, 0% used [0x00000000f6780000,0x00000000f6780000,0x00000000f6c80000)
 ParOldGen       total 349696K, used 349696K [0x00000000e0000000, 0x00000000f5580000, 0x00000000f5580000)
  object space 349696K, 100% used [0x00000000e0000000,0x00000000f5580000,0x00000000f5580000)
 Metaspace       used 56704K, committed 57600K, reserved 1105920K
  class space    used 5552K, committed 5952K, reserved 1048576K
}
Event: 429.209 GC heap after
{Heap after GC invocations=372 (full 210):
 PSYoungGen      total 23552K, used 18432K [0x00000000f5580000, 0x00000000f7300000, 0x0000000100000000)
  eden space 18432K, 100% used [0x00000000f5580000,0x00000000f6780000,0x00000000f6780000)
  from space 5120K, 0% used [0x00000000f6780000,0x00000000f6780000,0x00000000f6c80000)
  to   space 5120K, 0% used [0x00000000f6d80000,0x00000000f6d80000,0x00000000f7280000)
 ParOldGen       total 349696K, used 349695K [0x00000000e0000000, 0x00000000f5580000, 0x00000000f5580000)
  object space 349696K, 99% used [0x00000000e0000000,0x00000000f557fff0,0x00000000f5580000)
 Metaspace       used 56704K, committed 57600K, reserved 1105920K
  class space    used 5552K, committed 5952K, reserved 1048576K
}
Event: 429.210 GC heap before
{Heap before GC invocations=373 (full 211):
 PSYoungGen      total 23552K, used 18432K [0x00000000f5580000, 0x00000000f7300000, 0x0000000100000000)
  eden space 18432K, 100% used [0x00000000f5580000,0x00000000f6780000,0x00000000f6780000)
  from space 5120K, 0% used [0x00000000f6780000,0x00000000f6780000,0x00000000f6c80000)
  to   space 5120K, 0% used [0x00000000f6d80000,0x00000000f6d80000,0x00000000f7280000)
 ParOldGen       total 349696K, used 349696K [0x00000000e0000000, 0x00000000f5580000, 0x00000000f5580000)
  object space 349696K, 100% used [0x00000000e0000000,0x00000000f5580000,0x00000000f5580000)
 Metaspace       used 56704K, committed 57600K, reserved 1105920K
  class space    used 5552K, committed 5952K, reserved 1048576K
}
Event: 430.721 GC heap after
{Heap after GC invocations=373 (full 211):
 PSYoungGen      total 23552K, used 18432K [0x00000000f5580000, 0x00000000f7300000, 0x0000000100000000)
  eden space 18432K, 100% used [0x00000000f5580000,0x00000000f6780000,0x00000000f6780000)
  from space 5120K, 0% used [0x00000000f6d80000,0x00000000f6d80000,0x00000000f7280000)
  to   space 5120K, 0% used [0x00000000f6780000,0x00000000f6780000,0x00000000f6c80000)
 ParOldGen       total 349696K, used 349695K [0x00000000e0000000, 0x00000000f5580000, 0x00000000f5580000)
  object space 349696K, 99% used [0x00000000e0000000,0x00000000f557fff0,0x00000000f5580000)
 Metaspace       used 56704K, committed 57600K, reserved 1105920K
  class space    used 5552K, committed 5952K, reserved 1048576K
}
Event: 430.722 GC heap before
{Heap before GC invocations=374 (full 212):
 PSYoungGen      total 23552K, used 18432K [0x00000000f5580000, 0x00000000f7300000, 0x0000000100000000)
  eden space 18432K, 100% used [0x00000000f5580000,0x00000000f6780000,0x00000000f6780000)
  from space 5120K, 0% used [0x00000000f6d80000,0x00000000f6d80000,0x00000000f7280000)
  to   space 5120K, 0% used [0x00000000f6780000,0x00000000f6780000,0x00000000f6c80000)
 ParOldGen       total 349696K, used 349696K [0x00000000e0000000, 0x00000000f5580000, 0x00000000f5580000)
  object space 349696K, 100% used [0x00000000e0000000,0x00000000f5580000,0x00000000f5580000)
 Metaspace       used 56704K, committed 57600K, reserved 1105920K
  class space    used 5552K, committed 5952K, reserved 1048576K
}
Event: 432.377 GC heap after
{Heap after GC invocations=374 (full 212):
 PSYoungGen      total 23552K, used 18432K [0x00000000f5580000, 0x00000000f7300000, 0x0000000100000000)
  eden space 18432K, 100% used [0x00000000f5580000,0x00000000f6780000,0x00000000f6780000)
  from space 5120K, 0% used [0x00000000f6780000,0x00000000f6780000,0x00000000f6c80000)
  to   space 5120K, 0% used [0x00000000f6d80000,0x00000000f6d80000,0x00000000f7280000)
 ParOldGen       total 349696K, used 349695K [0x00000000e0000000, 0x00000000f5580000, 0x00000000f5580000)
  object space 349696K, 99% used [0x00000000e0000000,0x00000000f557fff0,0x00000000f5580000)
 Metaspace       used 56704K, committed 57600K, reserved 1105920K
  class space    used 5552K, committed 5952K, reserved 1048576K
}
Event: 432.377 GC heap before
{Heap before GC invocations=375 (full 213):
 PSYoungGen      total 23552K, used 18432K [0x00000000f5580000, 0x00000000f7300000, 0x0000000100000000)
  eden space 18432K, 100% used [0x00000000f5580000,0x00000000f6780000,0x00000000f6780000)
  from space 5120K, 0% used [0x00000000f6780000,0x00000000f6780000,0x00000000f6c80000)
  to   space 5120K, 0% used [0x00000000f6d80000,0x00000000f6d80000,0x00000000f7280000)
 ParOldGen       total 349696K, used 349695K [0x00000000e0000000, 0x00000000f5580000, 0x00000000f5580000)
  object space 349696K, 99% used [0x00000000e0000000,0x00000000f557fff0,0x00000000f5580000)
 Metaspace       used 56704K, committed 57600K, reserved 1105920K
  class space    used 5552K, committed 5952K, reserved 1048576K
}
Event: 433.909 GC heap after
{Heap after GC invocations=375 (full 213):
 PSYoungGen      total 23552K, used 18432K [0x00000000f5580000, 0x00000000f7300000, 0x0000000100000000)
  eden space 18432K, 100% used [0x00000000f5580000,0x00000000f6780000,0x00000000f6780000)
  from space 5120K, 0% used [0x00000000f6d80000,0x00000000f6d80000,0x00000000f7280000)
  to   space 5120K, 0% used [0x00000000f6780000,0x00000000f6780000,0x00000000f6c80000)
 ParOldGen       total 349696K, used 349695K [0x00000000e0000000, 0x00000000f5580000, 0x00000000f5580000)
  object space 349696K, 99% used [0x00000000e0000000,0x00000000f557fff0,0x00000000f5580000)
 Metaspace       used 56704K, committed 57600K, reserved 1105920K
  class space    used 5552K, committed 5952K, reserved 1048576K
}
Event: 433.913 GC heap before
{Heap before GC invocations=376 (full 214):
 PSYoungGen      total 23552K, used 18432K [0x00000000f5580000, 0x00000000f7300000, 0x0000000100000000)
  eden space 18432K, 100% used [0x00000000f5580000,0x00000000f6780000,0x00000000f6780000)
  from space 5120K, 0% used [0x00000000f6d80000,0x00000000f6d80000,0x00000000f7280000)
  to   space 5120K, 0% used [0x00000000f6780000,0x00000000f6780000,0x00000000f6c80000)
 ParOldGen       total 349696K, used 349696K [0x00000000e0000000, 0x00000000f5580000, 0x00000000f5580000)
  object space 349696K, 100% used [0x00000000e0000000,0x00000000f5580000,0x00000000f5580000)
 Metaspace       used 56704K, committed 57600K, reserved 1105920K
  class space    used 5552K, committed 5952K, reserved 1048576K
}
Event: 435.691 GC heap after
{Heap after GC invocations=376 (full 214):
 PSYoungGen      total 23552K, used 18432K [0x00000000f5580000, 0x00000000f7300000, 0x0000000100000000)
  eden space 18432K, 100% used [0x00000000f5580000,0x00000000f6780000,0x00000000f6780000)
  from space 5120K, 0% used [0x00000000f6780000,0x00000000f6780000,0x00000000f6c80000)
  to   space 5120K, 0% used [0x00000000f6d80000,0x00000000f6d80000,0x00000000f7280000)
 ParOldGen       total 349696K, used 349694K [0x00000000e0000000, 0x00000000f5580000, 0x00000000f5580000)
  object space 349696K, 99% used [0x00000000e0000000,0x00000000f557fa50,0x00000000f5580000)
 Metaspace       used 56704K, committed 57600K, reserved 1105920K
  class space    used 5552K, committed 5952K, reserved 1048576K
}
Event: 435.696 GC heap before
{Heap before GC invocations=377 (full 215):
 PSYoungGen      total 23552K, used 18432K [0x00000000f5580000, 0x00000000f7300000, 0x0000000100000000)
  eden space 18432K, 100% used [0x00000000f5580000,0x00000000f6780000,0x00000000f6780000)
  from space 5120K, 0% used [0x00000000f6780000,0x00000000f6780000,0x00000000f6c80000)
  to   space 5120K, 0% used [0x00000000f6d80000,0x00000000f6d80000,0x00000000f7280000)
 ParOldGen       total 349696K, used 349695K [0x00000000e0000000, 0x00000000f5580000, 0x00000000f5580000)
  object space 349696K, 99% used [0x00000000e0000000,0x00000000f557fc90,0x00000000f5580000)
 Metaspace       used 56704K, committed 57600K, reserved 1105920K
  class space    used 5552K, committed 5952K, reserved 1048576K
}
Event: 437.431 GC heap after
{Heap after GC invocations=377 (full 215):
 PSYoungGen      total 23552K, used 18432K [0x00000000f5580000, 0x00000000f7300000, 0x0000000100000000)
  eden space 18432K, 100% used [0x00000000f5580000,0x00000000f6780000,0x00000000f6780000)
  from space 5120K, 0% used [0x00000000f6d80000,0x00000000f6d80000,0x00000000f7280000)
  to   space 5120K, 0% used [0x00000000f6780000,0x00000000f6780000,0x00000000f6c80000)
 ParOldGen       total 349696K, used 349694K [0x00000000e0000000, 0x00000000f5580000, 0x00000000f5580000)
  object space 349696K, 99% used [0x00000000e0000000,0x00000000f557fa10,0x00000000f5580000)
 Metaspace       used 56704K, committed 57600K, reserved 1105920K
  class space    used 5552K, committed 5952K, reserved 1048576K
}
Event: 437.431 GC heap before
{Heap before GC invocations=378 (full 216):
 PSYoungGen      total 23552K, used 18432K [0x00000000f5580000, 0x00000000f7300000, 0x0000000100000000)
  eden space 18432K, 100% used [0x00000000f5580000,0x00000000f6780000,0x00000000f6780000)
  from space 5120K, 0% used [0x00000000f6d80000,0x00000000f6d80000,0x00000000f7280000)
  to   space 5120K, 0% used [0x00000000f6780000,0x00000000f6780000,0x00000000f6c80000)
 ParOldGen       total 349696K, used 349694K [0x00000000e0000000, 0x00000000f5580000, 0x00000000f5580000)
  object space 349696K, 99% used [0x00000000e0000000,0x00000000f557fa48,0x00000000f5580000)
 Metaspace       used 56704K, committed 57600K, reserved 1105920K
  class space    used 5552K, committed 5952K, reserved 1048576K
}
Event: 439.081 GC heap after
{Heap after GC invocations=378 (full 216):
 PSYoungGen      total 23552K, used 18432K [0x00000000f5580000, 0x00000000f7300000, 0x0000000100000000)
  eden space 18432K, 100% used [0x00000000f5580000,0x00000000f6780000,0x00000000f6780000)
  from space 5120K, 0% used [0x00000000f6780000,0x00000000f6780000,0x00000000f6c80000)
  to   space 5120K, 0% used [0x00000000f6d80000,0x00000000f6d80000,0x00000000f7280000)
 ParOldGen       total 349696K, used 349694K [0x00000000e0000000, 0x00000000f5580000, 0x00000000f5580000)
  object space 349696K, 99% used [0x00000000e0000000,0x00000000f557fa28,0x00000000f5580000)
 Metaspace       used 56704K, committed 57600K, reserved 1105920K
  class space    used 5552K, committed 5952K, reserved 1048576K
}
Event: 439.081 GC heap before
{Heap before GC invocations=379 (full 217):
 PSYoungGen      total 23552K, used 18432K [0x00000000f5580000, 0x00000000f7300000, 0x0000000100000000)
  eden space 18432K, 100% used [0x00000000f5580000,0x00000000f6780000,0x00000000f6780000)
  from space 5120K, 0% used [0x00000000f6780000,0x00000000f6780000,0x00000000f6c80000)
  to   space 5120K, 0% used [0x00000000f6d80000,0x00000000f6d80000,0x00000000f7280000)
 ParOldGen       total 349696K, used 349694K [0x00000000e0000000, 0x00000000f5580000, 0x00000000f5580000)
  object space 349696K, 99% used [0x00000000e0000000,0x00000000f557fa28,0x00000000f5580000)
 Metaspace       used 56704K, committed 57600K, reserved 1105920K
  class space    used 5552K, committed 5952K, reserved 1048576K
}
Event: 441.036 GC heap after
{Heap after GC invocations=379 (full 217):
 PSYoungGen      total 23552K, used 18432K [0x00000000f5580000, 0x00000000f7300000, 0x0000000100000000)
  eden space 18432K, 100% used [0x00000000f5580000,0x00000000f6780000,0x00000000f6780000)
  from space 5120K, 0% used [0x00000000f6d80000,0x00000000f6d80000,0x00000000f7280000)
  to   space 5120K, 0% used [0x00000000f6780000,0x00000000f6780000,0x00000000f6c80000)
 ParOldGen       total 349696K, used 349694K [0x00000000e0000000, 0x00000000f5580000, 0x00000000f5580000)
  object space 349696K, 99% used [0x00000000e0000000,0x00000000f557fa28,0x00000000f5580000)
 Metaspace       used 56704K, committed 57600K, reserved 1105920K
  class space    used 5552K, committed 5952K, reserved 1048576K
}

