# JRE version: OpenJDK Runtime Environment GraalVM CE 22.3.0 (17.0.5+8) (build 17.0.5+8-jvmci-22.3-b08)
# Java VM: OpenJDK 64-Bit Server VM GraalVM CE 22.3.0 (17.0.5+8-jvmci-22.3-b08, mixed mode, sharing, tiered, jvmci, jvmci compiler, compressed oops, compressed class ptrs, parallel gc, linux-amd64)
GC Precious Log:
 CPUs: 8 total, 1 available
 Memory: 1024M
 Large Page Support: Disabled
 NUMA Support: Disabled
 Compressed Oops: Enabled (32-bit)
 Alignments: Space 512K, Generation 512K, Heap 2M
 Heap Min Capacity: 100M
 Heap Initial Capacity: 100M
 Heap Max Capacity: 512M
 Pre-touch: Disabled
 Parallel Workers: 1
Heap:
 PSYoungGen      total 64512K, used 37375K [0x00000000f5580000, 0x00000000fb080000, 0x0000000100000000)
  eden space 37376K, 99% used [0x00000000f5580000,0x00000000f79ffff8,0x00000000f7a00000)
  from space 27136K, 0% used [0x00000000f8280000,0x00000000f8280000,0x00000000f9d00000)
  to   space 12800K, 0% used [0x00000000fa400000,0x00000000fa400000,0x00000000fb080000)
 ParOldGen       total 349696K, used 349695K [0x00000000e0000000, 0x00000000f5580000, 0x00000000f5580000)
  object space 349696K, 99% used [0x00000000e0000000,0x00000000f557ffe8,0x00000000f5580000)
 Metaspace       used 64965K, committed 65856K, reserved 1114112K
  class space    used 6031K, committed 6464K, reserved 1048576K
GC Heap History (20 events):
Event: 1545.005 GC heap before
{Heap before GC invocations=978 (full 776):
 PSYoungGen      total 64512K, used 37375K [0x00000000f5580000, 0x00000000fb080000, 0x0000000100000000)
  eden space 37376K, 99% used [0x00000000f5580000,0x00000000f79ffff8,0x00000000f7a00000)
  from space 27136K, 0% used [0x00000000f8280000,0x00000000f8280000,0x00000000f9d00000)
  to   space 12800K, 0% used [0x00000000fa400000,0x00000000fa400000,0x00000000fb080000)
 ParOldGen       total 349696K, used 349695K [0x00000000e0000000, 0x00000000f5580000, 0x00000000f5580000)
  object space 349696K, 99% used [0x00000000e0000000,0x00000000f557fff0,0x00000000f5580000)
 Metaspace       used 64965K, committed 65856K, reserved 1114112K
  class space    used 6031K, committed 6464K, reserved 1048576K
}
Event: 1546.623 GC heap after
{Heap after GC invocations=978 (full 776):
 PSYoungGen      total 50176K, used 37375K [0x00000000f5580000, 0x00000000fb080000, 0x0000000100000000)
  eden space 37376K, 99% used [0x00000000f5580000,0x00000000f79ffff8,0x00000000f7a00000)
  from space 12800K, 0% used [0x00000000fa400000,0x00000000fa400000,0x00000000fb080000)
  to   space 27136K, 0% used [0x00000000f8280000,0x00000000f8280000,0x00000000f9d00000)
 ParOldGen       total 349696K, used 349695K [0x00000000e0000000, 0x00000000f5580000, 0x00000000f5580000)
  object space 349696K, 99% used [0x00000000e0000000,0x00000000f557fff0,0x00000000f5580000)
 Metaspace       used 64965K, committed 65856K, reserved 1114112K
  class space    used 6031K, committed 6464K, reserved 1048576K
}
Event: 1546.624 GC heap before
{Heap before GC invocations=979 (full 777):
 PSYoungGen      total 50176K, used 37375K [0x00000000f5580000, 0x00000000fb080000, 0x0000000100000000)
  eden space 37376K, 99% used [0x00000000f5580000,0x00000000f79ffff8,0x00000000f7a00000)
  from space 12800K, 0% used [0x00000000fa400000,0x00000000fa400000,0x00000000fb080000)
  to   space 27136K, 0% used [0x00000000f8280000,0x00000000f8280000,0x00000000f9d00000)
 ParOldGen       total 349696K, used 349695K [0x00000000e0000000, 0x00000000f5580000, 0x00000000f5580000)
  object space 349696K, 99% used [0x00000000e0000000,0x00000000f557fff0,0x00000000f5580000)
 Metaspace       used 64965K, committed 65856K, reserved 1114112K
  class space    used 6031K, committed 6464K, reserved 1048576K
}
Event: 1548.040 GC heap after
{Heap after GC invocations=979 (full 777):
 PSYoungGen      total 64512K, used 37375K [0x00000000f5580000, 0x00000000fb080000, 0x0000000100000000)
  eden space 37376K, 99% used [0x00000000f5580000,0x00000000f79ffff8,0x00000000f7a00000)
  from space 27136K, 0% used [0x00000000f8280000,0x00000000f8280000,0x00000000f9d00000)
  to   space 12800K, 0% used [0x00000000fa400000,0x00000000fa400000,0x00000000fb080000)
 ParOldGen       total 349696K, used 349695K [0x00000000e0000000, 0x00000000f5580000, 0x00000000f5580000)
  object space 349696K, 99% used [0x00000000e0000000,0x00000000f557fff0,0x00000000f5580000)
 Metaspace       used 64965K, committed 65856K, reserved 1114112K
  class space    used 6031K, committed 6464K, reserved 1048576K
}
Event: 1548.040 GC heap before
{Heap before GC invocations=980 (full 778):
 PSYoungGen      total 64512K, used 37375K [0x00000000f5580000, 0x00000000fb080000, 0x0000000100000000)
  eden space 37376K, 99% used [0x00000000f5580000,0x00000000f79ffff8,0x00000000f7a00000)
  from space 27136K, 0% used [0x00000000f8280000,0x00000000f8280000,0x00000000f9d00000)
  to   space 12800K, 0% used [0x00000000fa400000,0x00000000fa400000,0x00000000fb080000)
 ParOldGen       total 349696K, used 349695K [0x00000000e0000000, 0x00000000f5580000, 0x00000000f5580000)
  object space 349696K, 99% used [0x00000000e0000000,0x00000000f557fff0,0x00000000f5580000)
 Metaspace       used 64965K, committed 65856K, reserved 1114112K
  class space    used 6031K, committed 6464K, reserved 1048576K
}
Event: 1549.517 GC heap after
{Heap after GC invocations=980 (full 778):
 PSYoungGen      total 50176K, used 37375K [0x00000000f5580000, 0x00000000fb080000, 0x0000000100000000)
  eden space 37376K, 99% used [0x00000000f5580000,0x00000000f79ffff8,0x00000000f7a00000)
  from space 12800K, 0% used [0x00000000fa400000,0x00000000fa400000,0x00000000fb080000)
  to   space 27136K, 0% used [0x00000000f8280000,0x00000000f8280000,0x00000000f9d00000)
 ParOldGen       total 349696K, used 349695K [0x00000000e0000000, 0x00000000f5580000, 0x00000000f5580000)
  object space 349696K, 99% used [0x00000000e0000000,0x00000000f557fff0,0x00000000f5580000)
 Metaspace       used 64965K, committed 65856K, reserved 1114112K
  class space    used 6031K, committed 6464K, reserved 1048576K
}
Event: 1549.518 GC heap before
{Heap before GC invocations=981 (full 779):
 PSYoungGen      total 50176K, used 37375K [0x00000000f5580000, 0x00000000fb080000, 0x0000000100000000)
  eden space 37376K, 99% used [0x00000000f5580000,0x00000000f79ffff8,0x00000000f7a00000)
  from space 12800K, 0% used [0x00000000fa400000,0x00000000fa400000,0x00000000fb080000)
  to   space 27136K, 0% used [0x00000000f8280000,0x00000000f8280000,0x00000000f9d00000)
 ParOldGen       total 349696K, used 349695K [0x00000000e0000000, 0x00000000f5580000, 0x00000000f5580000)
  object space 349696K, 99% used [0x00000000e0000000,0x00000000f557fff0,0x00000000f5580000)
 Metaspace       used 64965K, committed 65856K, reserved 1114112K
  class space    used 6031K, committed 6464K, reserved 1048576K
}
Event: 1551.017 GC heap after
{Heap after GC invocations=981 (full 779):
 PSYoungGen      total 64512K, used 37375K [0x00000000f5580000, 0x00000000fb080000, 0x0000000100000000)
  eden space 37376K, 99% used [0x00000000f5580000,0x00000000f79ffff8,0x00000000f7a00000)
  from space 27136K, 0% used [0x00000000f8280000,0x00000000f8280000,0x00000000f9d00000)
  to   space 12800K, 0% used [0x00000000fa400000,0x00000000fa400000,0x00000000fb080000)
 ParOldGen       total 349696K, used 349695K [0x00000000e0000000, 0x00000000f5580000, 0x00000000f5580000)
  object space 349696K, 99% used [0x00000000e0000000,0x00000000f557fff0,0x00000000f5580000)
 Metaspace       used 64965K, committed 65856K, reserved 1114112K
  class space    used 6031K, committed 6464K, reserved 1048576K
}
Event: 1551.017 GC heap before
{Heap before GC invocations=982 (full 780):
 PSYoungGen      total 64512K, used 37375K [0x00000000f5580000, 0x00000000fb080000, 0x0000000100000000)
  eden space 37376K, 99% used [0x00000000f5580000,0x00000000f79ffff8,0x00000000f7a00000)
  from space 27136K, 0% used [0x00000000f8280000,0x00000000f8280000,0x00000000f9d00000)
  to   space 12800K, 0% used [0x00000000fa400000,0x00000000fa400000,0x00000000fb080000)
 ParOldGen       total 349696K, used 349695K [0x00000000e0000000, 0x00000000f5580000, 0x00000000f5580000)
  object space 349696K, 99% used [0x00000000e0000000,0x00000000f557fff0,0x00000000f5580000)
 Metaspace       used 64965K, committed 65856K, reserved 1114112K
  class space    used 6031K, committed 6464K, reserved 1048576K
}
Event: 1552.457 GC heap after
{Heap after GC invocations=982 (full 780):
 PSYoungGen      total 50176K, used 37375K [0x00000000f5580000, 0x00000000fb080000, 0x0000000100000000)
  eden space 37376K, 99% used [0x00000000f5580000,0x00000000f79ffff8,0x00000000f7a00000)
  from space 12800K, 0% used [0x00000000fa400000,0x00000000fa400000,0x00000000fb080000)
  to   space 27136K, 0% used [0x00000000f8280000,0x00000000f8280000,0x00000000f9d00000)
 ParOldGen       total 349696K, used 349695K [0x00000000e0000000, 0x00000000f5580000, 0x00000000f5580000)
  object space 349696K, 99% used [0x00000000e0000000,0x00000000f557fff0,0x00000000f5580000)
 Metaspace       used 64965K, committed 65856K, reserved 1114112K
  class space    used 6031K, committed 6464K, reserved 1048576K
}
Event: 1552.471 GC heap before
{Heap before GC invocations=983 (full 781):
 PSYoungGen      total 50176K, used 37375K [0x00000000f5580000, 0x00000000fb080000, 0x0000000100000000)
  eden space 37376K, 99% used [0x00000000f5580000,0x00000000f79ffff8,0x00000000f7a00000)
  from space 12800K, 0% used [0x00000000fa400000,0x00000000fa400000,0x00000000fb080000)
  to   space 27136K, 0% used [0x00000000f8280000,0x00000000f8280000,0x00000000f9d00000)
 ParOldGen       total 349696K, used 349695K [0x00000000e0000000, 0x00000000f5580000, 0x00000000f5580000)
  object space 349696K, 99% used [0x00000000e0000000,0x00000000f557fff0,0x00000000f5580000)
 Metaspace       used 64965K, committed 65856K, reserved 1114112K
  class space    used 6031K, committed 6464K, reserved 1048576K
}
Event: 1553.948 GC heap after
{Heap after GC invocations=983 (full 781):
 PSYoungGen      total 64512K, used 37375K [0x00000000f5580000, 0x00000000fb080000, 0x0000000100000000)
  eden space 37376K, 99% used [0x00000000f5580000,0x00000000f79ffff8,0x00000000f7a00000)
  from space 27136K, 0% used [0x00000000f8280000,0x00000000f8280000,0x00000000f9d00000)
  to   space 12800K, 0% used [0x00000000fa400000,0x00000000fa400000,0x00000000fb080000)
 ParOldGen       total 349696K, used 349695K [0x00000000e0000000, 0x00000000f5580000, 0x00000000f5580000)
  object space 349696K, 99% used [0x00000000e0000000,0x00000000f557fff0,0x00000000f5580000)
 Metaspace       used 64965K, committed 65856K, reserved 1114112K
  class space    used 6031K, committed 6464K, reserved 1048576K
}
Event: 1553.948 GC heap before
{Heap before GC invocations=984 (full 782):
 PSYoungGen      total 64512K, used 37375K [0x00000000f5580000, 0x00000000fb080000, 0x0000000100000000)
  eden space 37376K, 99% used [0x00000000f5580000,0x00000000f79ffff8,0x00000000f7a00000)
  from space 27136K, 0% used [0x00000000f8280000,0x00000000f8280000,0x00000000f9d00000)
  to   space 12800K, 0% used [0x00000000fa400000,0x00000000fa400000,0x00000000fb080000)
 ParOldGen       total 349696K, used 349695K [0x00000000e0000000, 0x00000000f5580000, 0x00000000f5580000)
  object space 349696K, 99% used [0x00000000e0000000,0x00000000f557fff0,0x00000000f5580000)
 Metaspace       used 64965K, committed 65856K, reserved 1114112K
  class space    used 6031K, committed 6464K, reserved 1048576K
}
Event: 1555.342 GC heap after
{Heap after GC invocations=984 (full 782):
 PSYoungGen      total 50176K, used 37375K [0x00000000f5580000, 0x00000000fb080000, 0x0000000100000000)
  eden space 37376K, 99% used [0x00000000f5580000,0x00000000f79ffff8,0x00000000f7a00000)
  from space 12800K, 0% used [0x00000000fa400000,0x00000000fa400000,0x00000000fb080000)
  to   space 27136K, 0% used [0x00000000f8280000,0x00000000f8280000,0x00000000f9d00000)
 ParOldGen       total 349696K, used 349695K [0x00000000e0000000, 0x00000000f5580000, 0x00000000f5580000)
  object space 349696K, 99% used [0x00000000e0000000,0x00000000f557fff0,0x00000000f5580000)
 Metaspace       used 64965K, committed 65856K, reserved 1114112K
  class space    used 6031K, committed 6464K, reserved 1048576K
}
Event: 1555.347 GC heap before
{Heap before GC invocations=985 (full 783):
 PSYoungGen      total 50176K, used 37375K [0x00000000f5580000, 0x00000000fb080000, 0x0000000100000000)
  eden space 37376K, 99% used [0x00000000f5580000,0x00000000f79ffff8,0x00000000f7a00000)
  from space 12800K, 0% used [0x00000000fa400000,0x00000000fa400000,0x00000000fb080000)
  to   space 27136K, 0% used [0x00000000f8280000,0x00000000f8280000,0x00000000f9d00000)
 ParOldGen       total 349696K, used 349695K [0x00000000e0000000, 0x00000000f5580000, 0x00000000f5580000)
  object space 349696K, 99% used [0x00000000e0000000,0x00000000f557fff0,0x00000000f5580000)
 Metaspace       used 64965K, committed 65856K, reserved 1114112K
  class space    used 6031K, committed 6464K, reserved 1048576K
}
Event: 1556.846 GC heap after
{Heap after GC invocations=985 (full 783):
 PSYoungGen      total 64512K, used 37375K [0x00000000f5580000, 0x00000000fb080000, 0x0000000100000000)
  eden space 37376K, 99% used [0x00000000f5580000,0x00000000f79ffff8,0x00000000f7a00000)
  from space 27136K, 0% used [0x00000000f8280000,0x00000000f8280000,0x00000000f9d00000)
  to   space 12800K, 0% used [0x00000000fa400000,0x00000000fa400000,0x00000000fb080000)
 ParOldGen       total 349696K, used 349695K [0x00000000e0000000, 0x00000000f5580000, 0x00000000f5580000)
  object space 349696K, 99% used [0x00000000e0000000,0x00000000f557ffd0,0x00000000f5580000)
 Metaspace       used 64965K, committed 65856K, reserved 1114112K
  class space    used 6031K, committed 6464K, reserved 1048576K
}
Event: 1556.846 GC heap before
{Heap before GC invocations=986 (full 784):
 PSYoungGen      total 64512K, used 37375K [0x00000000f5580000, 0x00000000fb080000, 0x0000000100000000)
  eden space 37376K, 99% used [0x00000000f5580000,0x00000000f79ffff8,0x00000000f7a00000)
  from space 27136K, 0% used [0x00000000f8280000,0x00000000f8280000,0x00000000f9d00000)
  to   space 12800K, 0% used [0x00000000fa400000,0x00000000fa400000,0x00000000fb080000)
 ParOldGen       total 349696K, used 349695K [0x00000000e0000000, 0x00000000f5580000, 0x00000000f5580000)
  object space 349696K, 99% used [0x00000000e0000000,0x00000000f557ffe8,0x00000000f5580000)
 Metaspace       used 64965K, committed 65856K, reserved 1114112K
  class space    used 6031K, committed 6464K, reserved 1048576K
}
Event: 1558.335 GC heap after
{Heap after GC invocations=986 (full 784):
 PSYoungGen      total 50176K, used 37375K [0x00000000f5580000, 0x00000000fb080000, 0x0000000100000000)
  eden space 37376K, 99% used [0x00000000f5580000,0x00000000f79ffff8,0x00000000f7a00000)
  from space 12800K, 0% used [0x00000000fa400000,0x00000000fa400000,0x00000000fb080000)
  to   space 27136K, 0% used [0x00000000f8280000,0x00000000f8280000,0x00000000f9d00000)
 ParOldGen       total 349696K, used 349695K [0x00000000e0000000, 0x00000000f5580000, 0x00000000f5580000)
  object space 349696K, 99% used [0x00000000e0000000,0x00000000f557ffe8,0x00000000f5580000)
 Metaspace       used 64965K, committed 65856K, reserved 1114112K
  class space    used 6031K, committed 6464K, reserved 1048576K
}
Event: 1558.335 GC heap before
{Heap before GC invocations=987 (full 785):
 PSYoungGen      total 50176K, used 37375K [0x00000000f5580000, 0x00000000fb080000, 0x0000000100000000)
  eden space 37376K, 99% used [0x00000000f5580000,0x00000000f79ffff8,0x00000000f7a00000)
  from space 12800K, 0% used [0x00000000fa400000,0x00000000fa400000,0x00000000fb080000)
  to   space 27136K, 0% used [0x00000000f8280000,0x00000000f8280000,0x00000000f9d00000)
 ParOldGen       total 349696K, used 349695K [0x00000000e0000000, 0x00000000f5580000, 0x00000000f5580000)
  object space 349696K, 99% used [0x00000000e0000000,0x00000000f557ffe8,0x00000000f5580000)
 Metaspace       used 64965K, committed 65856K, reserved 1114112K
  class space    used 6031K, committed 6464K, reserved 1048576K
}
Event: 1562.105 GC heap after
{Heap after GC invocations=987 (full 785):
 PSYoungGen      total 64512K, used 37375K [0x00000000f5580000, 0x00000000fb080000, 0x0000000100000000)
  eden space 37376K, 99% used [0x00000000f5580000,0x00000000f79ffff8,0x00000000f7a00000)
  from space 27136K, 0% used [0x00000000f8280000,0x00000000f8280000,0x00000000f9d00000)
  to   space 12800K, 0% used [0x00000000fa400000,0x00000000fa400000,0x00000000fb080000)
 ParOldGen       total 349696K, used 349695K [0x00000000e0000000, 0x00000000f5580000, 0x00000000f5580000)
  object space 349696K, 99% used [0x00000000e0000000,0x00000000f557ffe8,0x00000000f5580000)
 Metaspace       used 64965K, committed 65856K, reserved 1114112K
  class space    used 6031K, committed 6464K, reserved 1048576K
}

