# JRE version: OpenJDK Runtime Environment GraalVM CE 22.3.0 (17.0.5+8) (build 17.0.5+8-jvmci-22.3-b08)
# Java VM: OpenJDK 64-Bit Server VM GraalVM CE 22.3.0 (17.0.5+8-jvmci-22.3-b08, mixed mode, sharing, tiered, jvmci, jvmci compiler, compressed oops, compressed class ptrs, parallel gc, linux-amd64)
GC Precious Log:
 CPUs: 8 total, 1 available
 Memory: 1024M
 Large Page Support: Disabled
 NUMA Support: Disabled
 Compressed Oops: Enabled (32-bit)
 Alignments: Space 512K, Generation 512K, Heap 2M
 Heap Min Capacity: 100M
 Heap Initial Capacity: 100M
 Heap Max Capacity: 512M
 Pre-touch: Disabled
 Parallel Workers: 1
Heap:
 PSYoungGen      total 40448K, used 15871K [0x00000000f5580000, 0x00000000f9580000, 0x0000000100000000)
  eden space 15872K, 99% used [0x00000000f5580000,0x00000000f64ffff8,0x00000000f6500000)
  from space 24576K, 0% used [0x00000000f6500000,0x00000000f6500000,0x00000000f7d00000)
  to   space 12288K, 0% used [0x00000000f7d00000,0x00000000f7d00000,0x00000000f8900000)
 ParOldGen       total 349696K, used 349695K [0x00000000e0000000, 0x00000000f5580000, 0x00000000f5580000)
  object space 349696K, 99% used [0x00000000e0000000,0x00000000f557ffc0,0x00000000f5580000)
 Metaspace       used 56245K, committed 57088K, reserved 1105920K
  class space    used 5460K, committed 5824K, reserved 1048576K
GC Heap History (20 events):
Event: 717.647 GC heap before
{Heap before GC invocations=738 (full 647):
 PSYoungGen      total 40448K, used 15871K [0x00000000f5580000, 0x00000000f9580000, 0x0000000100000000)
  eden space 15872K, 99% used [0x00000000f5580000,0x00000000f64ffff8,0x00000000f6500000)
  from space 24576K, 0% used [0x00000000f6500000,0x00000000f6500000,0x00000000f7d00000)
  to   space 12288K, 0% used [0x00000000f7d00000,0x00000000f7d00000,0x00000000f8900000)
 ParOldGen       total 349696K, used 349690K [0x00000000e0000000, 0x00000000f5580000, 0x00000000f5580000)
  object space 349696K, 99% used [0x00000000e0000000,0x00000000f557e968,0x00000000f5580000)
 Metaspace       used 56242K, committed 57088K, reserved 1105920K
  class space    used 5460K, committed 5824K, reserved 1048576K
}
Event: 718.644 GC heap after
{Heap after GC invocations=738 (full 647):
 PSYoungGen      total 28160K, used 15871K [0x00000000f5580000, 0x00000000f9580000, 0x0000000100000000)
  eden space 15872K, 99% used [0x00000000f5580000,0x00000000f64ffff8,0x00000000f6500000)
  from space 12288K, 0% used [0x00000000f7d00000,0x00000000f7d00000,0x00000000f8900000)
  to   space 24576K, 0% used [0x00000000f6500000,0x00000000f6500000,0x00000000f7d00000)
 ParOldGen       total 349696K, used 349690K [0x00000000e0000000, 0x00000000f5580000, 0x00000000f5580000)
  object space 349696K, 99% used [0x00000000e0000000,0x00000000f557e968,0x00000000f5580000)
 Metaspace       used 56242K, committed 57088K, reserved 1105920K
  class space    used 5460K, committed 5824K, reserved 1048576K
}
Event: 718.646 GC heap before
{Heap before GC invocations=739 (full 648):
 PSYoungGen      total 28160K, used 15871K [0x00000000f5580000, 0x00000000f9580000, 0x0000000100000000)
  eden space 15872K, 99% used [0x00000000f5580000,0x00000000f64ffff8,0x00000000f6500000)
  from space 12288K, 0% used [0x00000000f7d00000,0x00000000f7d00000,0x00000000f8900000)
  to   space 24576K, 0% used [0x00000000f6500000,0x00000000f6500000,0x00000000f7d00000)
 ParOldGen       total 349696K, used 349692K [0x00000000e0000000, 0x00000000f5580000, 0x00000000f5580000)
  object space 349696K, 99% used [0x00000000e0000000,0x00000000f557f128,0x00000000f5580000)
 Metaspace       used 56242K, committed 57088K, reserved 1105920K
  class space    used 5460K, committed 5824K, reserved 1048576K
}
Event: 719.652 GC heap after
{Heap after GC invocations=739 (full 648):
 PSYoungGen      total 40448K, used 15871K [0x00000000f5580000, 0x00000000f9580000, 0x0000000100000000)
  eden space 15872K, 99% used [0x00000000f5580000,0x00000000f64ffff8,0x00000000f6500000)
  from space 24576K, 0% used [0x00000000f6500000,0x00000000f6500000,0x00000000f7d00000)
  to   space 12288K, 0% used [0x00000000f7d00000,0x00000000f7d00000,0x00000000f8900000)
 ParOldGen       total 349696K, used 349691K [0x00000000e0000000, 0x00000000f5580000, 0x00000000f5580000)
  object space 349696K, 99% used [0x00000000e0000000,0x00000000f557ef50,0x00000000f5580000)
 Metaspace       used 56242K, committed 57088K, reserved 1105920K
  class space    used 5460K, committed 5824K, reserved 1048576K
}
Event: 719.654 GC heap before
{Heap before GC invocations=740 (full 649):
 PSYoungGen      total 40448K, used 15871K [0x00000000f5580000, 0x00000000f9580000, 0x0000000100000000)
  eden space 15872K, 99% used [0x00000000f5580000,0x00000000f64ffff8,0x00000000f6500000)
  from space 24576K, 0% used [0x00000000f6500000,0x00000000f6500000,0x00000000f7d00000)
  to   space 12288K, 0% used [0x00000000f7d00000,0x00000000f7d00000,0x00000000f8900000)
 ParOldGen       total 349696K, used 349695K [0x00000000e0000000, 0x00000000f5580000, 0x00000000f5580000)
  object space 349696K, 99% used [0x00000000e0000000,0x00000000f557ff98,0x00000000f5580000)
 Metaspace       used 56245K, committed 57088K, reserved 1105920K
  class space    used 5460K, committed 5824K, reserved 1048576K
}
Event: 720.655 GC heap after
{Heap after GC invocations=740 (full 649):
 PSYoungGen      total 28160K, used 15871K [0x00000000f5580000, 0x00000000f9580000, 0x0000000100000000)
  eden space 15872K, 99% used [0x00000000f5580000,0x00000000f64fffc8,0x00000000f6500000)
  from space 12288K, 0% used [0x00000000f7d00000,0x00000000f7d00000,0x00000000f8900000)
  to   space 24576K, 0% used [0x00000000f6500000,0x00000000f6500000,0x00000000f7d00000)
 ParOldGen       total 349696K, used 349693K [0x00000000e0000000, 0x00000000f5580000, 0x00000000f5580000)
  object space 349696K, 99% used [0x00000000e0000000,0x00000000f557f628,0x00000000f5580000)
 Metaspace       used 56245K, committed 57088K, reserved 1105920K
  class space    used 5460K, committed 5824K, reserved 1048576K
}
Event: 720.655 GC heap before
{Heap before GC invocations=741 (full 650):
 PSYoungGen      total 28160K, used 15872K [0x00000000f5580000, 0x00000000f9580000, 0x0000000100000000)
  eden space 15872K, 100% used [0x00000000f5580000,0x00000000f6500000,0x00000000f6500000)
  from space 12288K, 0% used [0x00000000f7d00000,0x00000000f7d00000,0x00000000f8900000)
  to   space 24576K, 0% used [0x00000000f6500000,0x00000000f6500000,0x00000000f7d00000)
 ParOldGen       total 349696K, used 349693K [0x00000000e0000000, 0x00000000f5580000, 0x00000000f5580000)
  object space 349696K, 99% used [0x00000000e0000000,0x00000000f557f628,0x00000000f5580000)
 Metaspace       used 56245K, committed 57088K, reserved 1105920K
  class space    used 5460K, committed 5824K, reserved 1048576K
}
Event: 721.569 GC heap after
{Heap after GC invocations=741 (full 650):
 PSYoungGen      total 40448K, used 15872K [0x00000000f5580000, 0x00000000f9580000, 0x0000000100000000)
  eden space 15872K, 100% used [0x00000000f5580000,0x00000000f6500000,0x00000000f6500000)
  from space 24576K, 0% used [0x00000000f6500000,0x00000000f6500000,0x00000000f7d00000)
  to   space 12288K, 0% used [0x00000000f7d00000,0x00000000f7d00000,0x00000000f8900000)
 ParOldGen       total 349696K, used 349693K [0x00000000e0000000, 0x00000000f5580000, 0x00000000f5580000)
  object space 349696K, 99% used [0x00000000e0000000,0x00000000f557f5e8,0x00000000f5580000)
 Metaspace       used 56245K, committed 57088K, reserved 1105920K
  class space    used 5460K, committed 5824K, reserved 1048576K
}
Event: 721.569 GC heap before
{Heap before GC invocations=742 (full 651):
 PSYoungGen      total 40448K, used 15872K [0x00000000f5580000, 0x00000000f9580000, 0x0000000100000000)
  eden space 15872K, 100% used [0x00000000f5580000,0x00000000f6500000,0x00000000f6500000)
  from space 24576K, 0% used [0x00000000f6500000,0x00000000f6500000,0x00000000f7d00000)
  to   space 12288K, 0% used [0x00000000f7d00000,0x00000000f7d00000,0x00000000f8900000)
 ParOldGen       total 349696K, used 349695K [0x00000000e0000000, 0x00000000f5580000, 0x00000000f5580000)
  object space 349696K, 99% used [0x00000000e0000000,0x00000000f557fd40,0x00000000f5580000)
 Metaspace       used 56245K, committed 57088K, reserved 1105920K
  class space    used 5460K, committed 5824K, reserved 1048576K
}
Event: 722.559 GC heap after
{Heap after GC invocations=742 (full 651):
 PSYoungGen      total 28160K, used 15871K [0x00000000f5580000, 0x00000000f9580000, 0x0000000100000000)
  eden space 15872K, 99% used [0x00000000f5580000,0x00000000f64fffc8,0x00000000f6500000)
  from space 12288K, 0% used [0x00000000f7d00000,0x00000000f7d00000,0x00000000f8900000)
  to   space 24576K, 0% used [0x00000000f6500000,0x00000000f6500000,0x00000000f7d00000)
 ParOldGen       total 349696K, used 349695K [0x00000000e0000000, 0x00000000f5580000, 0x00000000f5580000)
  object space 349696K, 99% used [0x00000000e0000000,0x00000000f557fc68,0x00000000f5580000)
 Metaspace       used 56245K, committed 57088K, reserved 1105920K
  class space    used 5460K, committed 5824K, reserved 1048576K
}
Event: 722.560 GC heap before
{Heap before GC invocations=743 (full 652):
 PSYoungGen      total 28160K, used 15872K [0x00000000f5580000, 0x00000000f9580000, 0x0000000100000000)
  eden space 15872K, 100% used [0x00000000f5580000,0x00000000f6500000,0x00000000f6500000)
  from space 12288K, 0% used [0x00000000f7d00000,0x00000000f7d00000,0x00000000f8900000)
  to   space 24576K, 0% used [0x00000000f6500000,0x00000000f6500000,0x00000000f7d00000)
 ParOldGen       total 349696K, used 349695K [0x00000000e0000000, 0x00000000f5580000, 0x00000000f5580000)
  object space 349696K, 99% used [0x00000000e0000000,0x00000000f557fc68,0x00000000f5580000)
 Metaspace       used 56245K, committed 57088K, reserved 1105920K
  class space    used 5460K, committed 5824K, reserved 1048576K
}
Event: 723.462 GC heap after
{Heap after GC invocations=743 (full 652):
 PSYoungGen      total 40448K, used 15872K [0x00000000f5580000, 0x00000000f9580000, 0x0000000100000000)
  eden space 15872K, 100% used [0x00000000f5580000,0x00000000f6500000,0x00000000f6500000)
  from space 24576K, 0% used [0x00000000f6500000,0x00000000f6500000,0x00000000f7d00000)
  to   space 12288K, 0% used [0x00000000f7d00000,0x00000000f7d00000,0x00000000f8900000)
 ParOldGen       total 349696K, used 349695K [0x00000000e0000000, 0x00000000f5580000, 0x00000000f5580000)
  object space 349696K, 99% used [0x00000000e0000000,0x00000000f557fc48,0x00000000f5580000)
 Metaspace       used 56245K, committed 57088K, reserved 1105920K
  class space    used 5460K, committed 5824K, reserved 1048576K
}
Event: 723.463 GC heap before
{Heap before GC invocations=744 (full 653):
 PSYoungGen      total 40448K, used 15872K [0x00000000f5580000, 0x00000000f9580000, 0x0000000100000000)
  eden space 15872K, 100% used [0x00000000f5580000,0x00000000f6500000,0x00000000f6500000)
  from space 24576K, 0% used [0x00000000f6500000,0x00000000f6500000,0x00000000f7d00000)
  to   space 12288K, 0% used [0x00000000f7d00000,0x00000000f7d00000,0x00000000f8900000)
 ParOldGen       total 349696K, used 349696K [0x00000000e0000000, 0x00000000f5580000, 0x00000000f5580000)
  object space 349696K, 100% used [0x00000000e0000000,0x00000000f5580000,0x00000000f5580000)
 Metaspace       used 56245K, committed 57088K, reserved 1105920K
  class space    used 5460K, committed 5824K, reserved 1048576K
}
Event: 724.368 GC heap after
{Heap after GC invocations=744 (full 653):
 PSYoungGen      total 28160K, used 15871K [0x00000000f5580000, 0x00000000f9580000, 0x0000000100000000)
  eden space 15872K, 99% used [0x00000000f5580000,0x00000000f64fffe0,0x00000000f6500000)
  from space 12288K, 0% used [0x00000000f7d00000,0x00000000f7d00000,0x00000000f8900000)
  to   space 24576K, 0% used [0x00000000f6500000,0x00000000f6500000,0x00000000f7d00000)
 ParOldGen       total 349696K, used 349695K [0x00000000e0000000, 0x00000000f5580000, 0x00000000f5580000)
  object space 349696K, 99% used [0x00000000e0000000,0x00000000f557fdd8,0x00000000f5580000)
 Metaspace       used 56245K, committed 57088K, reserved 1105920K
  class space    used 5460K, committed 5824K, reserved 1048576K
}
Event: 724.368 GC heap before
{Heap before GC invocations=745 (full 654):
 PSYoungGen      total 28160K, used 15872K [0x00000000f5580000, 0x00000000f9580000, 0x0000000100000000)
  eden space 15872K, 100% used [0x00000000f5580000,0x00000000f6500000,0x00000000f6500000)
  from space 12288K, 0% used [0x00000000f7d00000,0x00000000f7d00000,0x00000000f8900000)
  to   space 24576K, 0% used [0x00000000f6500000,0x00000000f6500000,0x00000000f7d00000)
 ParOldGen       total 349696K, used 349695K [0x00000000e0000000, 0x00000000f5580000, 0x00000000f5580000)
  object space 349696K, 99% used [0x00000000e0000000,0x00000000f557fdd8,0x00000000f5580000)
 Metaspace       used 56245K, committed 57088K, reserved 1105920K
  class space    used 5460K, committed 5824K, reserved 1048576K
}
Event: 725.380 GC heap after
{Heap after GC invocations=745 (full 654):
 PSYoungGen      total 40448K, used 15871K [0x00000000f5580000, 0x00000000f9580000, 0x0000000100000000)
  eden space 15872K, 99% used [0x00000000f5580000,0x00000000f64fffe0,0x00000000f6500000)
  from space 24576K, 0% used [0x00000000f6500000,0x00000000f6500000,0x00000000f7d00000)
  to   space 12288K, 0% used [0x00000000f7d00000,0x00000000f7d00000,0x00000000f8900000)
 ParOldGen       total 349696K, used 349695K [0x00000000e0000000, 0x00000000f5580000, 0x00000000f5580000)
  object space 349696K, 99% used [0x00000000e0000000,0x00000000f557fdd8,0x00000000f5580000)
 Metaspace       used 56245K, committed 57088K, reserved 1105920K
  class space    used 5460K, committed 5824K, reserved 1048576K
}
Event: 725.380 GC heap before
{Heap before GC invocations=746 (full 655):
 PSYoungGen      total 40448K, used 15871K [0x00000000f5580000, 0x00000000f9580000, 0x0000000100000000)
  eden space 15872K, 99% used [0x00000000f5580000,0x00000000f64ffff8,0x00000000f6500000)
  from space 24576K, 0% used [0x00000000f6500000,0x00000000f6500000,0x00000000f7d00000)
  to   space 12288K, 0% used [0x00000000f7d00000,0x00000000f7d00000,0x00000000f8900000)
 ParOldGen       total 349696K, used 349695K [0x00000000e0000000, 0x00000000f5580000, 0x00000000f5580000)
  object space 349696K, 99% used [0x00000000e0000000,0x00000000f557fdd8,0x00000000f5580000)
 Metaspace       used 56245K, committed 57088K, reserved 1105920K
  class space    used 5460K, committed 5824K, reserved 1048576K
}
Event: 726.432 GC heap after
{Heap after GC invocations=746 (full 655):
 PSYoungGen      total 28160K, used 15871K [0x00000000f5580000, 0x00000000f9580000, 0x0000000100000000)
  eden space 15872K, 99% used [0x00000000f5580000,0x00000000f64ffff8,0x00000000f6500000)
  from space 12288K, 0% used [0x00000000f7d00000,0x00000000f7d00000,0x00000000f8900000)
  to   space 24576K, 0% used [0x00000000f6500000,0x00000000f6500000,0x00000000f7d00000)
 ParOldGen       total 349696K, used 349695K [0x00000000e0000000, 0x00000000f5580000, 0x00000000f5580000)
  object space 349696K, 99% used [0x00000000e0000000,0x00000000f557fdd8,0x00000000f5580000)
 Metaspace       used 56245K, committed 57088K, reserved 1105920K
  class space    used 5460K, committed 5824K, reserved 1048576K
}
Event: 726.432 GC heap before
{Heap before GC invocations=747 (full 656):
 PSYoungGen      total 28160K, used 15871K [0x00000000f5580000, 0x00000000f9580000, 0x0000000100000000)
  eden space 15872K, 99% used [0x00000000f5580000,0x00000000f64ffff8,0x00000000f6500000)
  from space 12288K, 0% used [0x00000000f7d00000,0x00000000f7d00000,0x00000000f8900000)
  to   space 24576K, 0% used [0x00000000f6500000,0x00000000f6500000,0x00000000f7d00000)
 ParOldGen       total 349696K, used 349695K [0x00000000e0000000, 0x00000000f5580000, 0x00000000f5580000)
  object space 349696K, 99% used [0x00000000e0000000,0x00000000f557fdd8,0x00000000f5580000)
 Metaspace       used 56245K, committed 57088K, reserved 1105920K
  class space    used 5460K, committed 5824K, reserved 1048576K
}
Event: 727.499 GC heap after
{Heap after GC invocations=747 (full 656):
 PSYoungGen      total 40448K, used 15871K [0x00000000f5580000, 0x00000000f9580000, 0x0000000100000000)
  eden space 15872K, 99% used [0x00000000f5580000,0x00000000f64ffff8,0x00000000f6500000)
  from space 24576K, 0% used [0x00000000f6500000,0x00000000f6500000,0x00000000f7d00000)
  to   space 12288K, 0% used [0x00000000f7d00000,0x00000000f7d00000,0x00000000f8900000)
 ParOldGen       total 349696K, used 349695K [0x00000000e0000000, 0x00000000f5580000, 0x00000000f5580000)
  object space 349696K, 99% used [0x00000000e0000000,0x00000000f557fdd8,0x00000000f5580000)
 Metaspace       used 56245K, committed 57088K, reserved 1105920K
  class space    used 5460K, committed 5824K, reserved 1048576K
}

